{"numTotalTestSuites":99,"numPassedTestSuites":99,"numFailedTestSuites":0,"numPendingTestSuites":0,"numTotalTests":178,"numPassedTests":178,"numFailedTests":0,"numPendingTests":0,"numTodoTests":0,"snapshot":{"added":0,"failure":false,"filesAdded":0,"filesRemoved":0,"filesRemovedList":[],"filesUnmatched":0,"filesUpdated":0,"matched":0,"total":0,"unchecked":0,"uncheckedKeysByFile":[],"unmatched":0,"updated":0,"didUpdate":false},"startTime":1787851534352,"success":true,"testResults":[{"assertionResults":[{"ancestorTitles":["BOOT-003 WorkItem state machine"],"fullName":"BOOT-003 WorkItem state machine allows the minimal execution path","status":"passed","title":"allows the minimal execution path","duration":0.8057910000000135,"failureMessages":[],"meta":{}},{"ancestorTitles":["BOOT-003 WorkItem state machine"],"fullName":"BOOT-003 WorkItem state machine rejects arbitrary lifecycle jumps","status":"passed","title":"rejects arbitrary lifecycle jumps","duration":0.08812500000000512,"failureMessages":[],"meta":{}},{"ancestorTitles":["BOOT-003 WorkItem state machine"],"fullName":"BOOT-003 WorkItem state machine does not allow a terminal attempt to restart","status":"passed","title":"does not allow a terminal attempt to restart","duration":0.0712079999999986,"failureMessages":[],"meta":{}}],"startTime":1787851540921,"endTime":1787851540921.806,"status":"passed","message":"","name":"/Users/obretinumic/constructie-orchestrator/tests/domain/work-item-state-machine.spec.ts"},{"assertionResults":[{"ancestorTitles":["AntigravityPythonBridge"],"fullName":"AntigravityPythonBridge dispatches work package via stdin and receives JSON result","status":"passed","title":"dispatches work package via stdin and receives JSON result","duration":3.3317090000000036,"failureMessages":[],"meta":{}},{"ancestorTitles":["AntigravityPythonBridge"],"fullName":"AntigravityPythonBridge escalates cancellation from SIGTERM to SIGKILL","status":"passed","title":"escalates cancellation from SIGTERM to SIGKILL","duration":1.5137919999999951,"failureMessages":[],"meta":{}},{"ancestorTitles":["AntigravityPythonBridge"],"fullName":"AntigravityPythonBridge handles malformed JSON output gracefully","status":"passed","title":"handles malformed JSON output gracefully","duration":0.5750000000000028,"failureMessages":[],"meta":{}},{"ancestorTitles":["AntigravityPythonBridge"],"fullName":"AntigravityPythonBridge rejects duplicate attempt host sessions","status":"passed","title":"rejects duplicate attempt host sessions","duration":0.7242909999999938,"failureMessages":[],"meta":{}},{"ancestorTitles":["AntigravityPythonBridge"],"fullName":"AntigravityPythonBridge preserves model result (JSON containing summary + secret + governed tool output) with redaction","status":"passed","title":"preserves model result (JSON containing summary + secret + governed tool output) with redaction","duration":0.8501249999999914,"failureMessages":[],"meta":{}},{"ancestorTitles":["AntigravityPythonBridge"],"fullName":"AntigravityPythonBridge Python SDK tool hardening","status":"passed","title":"Python SDK tool hardening","duration":0.17358300000000781,"failureMessages":[],"meta":{}},{"ancestorTitles":["AntigravityPythonBridge"],"fullName":"AntigravityPythonBridge dispatch wires attemptId to PrismaActionAuditLedger correctly","status":"passed","title":"dispatch wires attemptId to PrismaActionAuditLedger correctly","duration":6.275999999999996,"failureMessages":[],"meta":{}}],"startTime":1787851538003,"endTime":1787851538016.276,"status":"passed","message":"","name":"/Users/obretinumic/constructie-orchestrator/tests/agents/antigravity-python-bridge.spec.ts"},{"assertionResults":[{"ancestorTitles":["CodexAdapter"],"fullName":"CodexAdapter maps HTTP 429 to INTERRUPTED","status":"passed","title":"maps HTTP 429 to INTERRUPTED","duration":52.22341699999998,"failureMessages":[],"meta":{}},{"ancestorTitles":["CodexAdapter"],"fullName":"CodexAdapter maps HTTP 401 to FAILED (CRITICAL)","status":"passed","title":"maps HTTP 401 to FAILED (CRITICAL)","duration":51.137417,"failureMessages":[],"meta":{}},{"ancestorTitles":["CodexAdapter"],"fullName":"CodexAdapter maps HTTP 500 to FAILED (HIGH)","status":"passed","title":"maps HTTP 500 to FAILED (HIGH)","duration":51.56008299999999,"failureMessages":[],"meta":{}},{"ancestorTitles":["CodexAdapter"],"fullName":"CodexAdapter resolves OPENAI_API_KEY, generates runId and idempotencyKey","status":"passed","title":"resolves OPENAI_API_KEY, generates runId and idempotencyKey","duration":54.54508299999998,"failureMessages":[],"meta":{}}],"startTime":1787851535608,"endTime":1787851535817.5452,"status":"passed","message":"","name":"/Users/obretinumic/constructie-orchestrator/tests/agents/codex-adapter.spec.ts"},{"assertionResults":[{"ancestorTitles":["MockAgentAdapter"],"fullName":"MockAgentAdapter returns a deterministic successful normalized result","status":"passed","title":"returns a deterministic successful normalized result","duration":1.5397920000000056,"failureMessages":[],"meta":{}},{"ancestorTitles":["MockAgentAdapter"],"fullName":"MockAgentAdapter simulates malformed provider output without leaking invalid data","status":"passed","title":"simulates malformed provider output without leaking invalid data","duration":0.2765410000000088,"failureMessages":[],"meta":{}},{"ancestorTitles":["MockAgentAdapter"],"fullName":"MockAgentAdapter supports interruption and provider-neutral resume","status":"passed","title":"supports interruption and provider-neutral resume","duration":0.08883399999999142,"failureMessages":[],"meta":{}}],"startTime":1787851539642,"endTime":1787851539644.0889,"status":"passed","message":"","name":"/Users/obretinumic/constructie-orchestrator/tests/agents/mock-agent-adapter.spec.ts"},{"assertionResults":[{"ancestorTitles":["PerRunIpcServer Behavioral"],"fullName":"PerRunIpcServer Behavioral correct nonce accepted, wrong nonce rejected, forged identity ignored","status":"passed","title":"correct nonce accepted, wrong nonce rejected, forged identity ignored","duration":4.995374999999996,"failureMessages":[],"meta":{}}],"startTime":1787851538412,"endTime":1787851538416.9954,"status":"passed","message":"","name":"/Users/obretinumic/constructie-orchestrator/tests/agents/per-run-ipc.spec.ts"},{"assertionResults":[{"ancestorTitles":["parseProviderOutput — MODEL_TEXT_IS_NOT_EXECUTABLE=true"],"fullName":"parseProviderOutput — MODEL_TEXT_IS_NOT_EXECUTABLE=true ordinary prose mentioning \"git push\" creates ZERO tool proposals","status":"passed","title":"ordinary prose mentioning \"git push\" creates ZERO tool proposals","duration":0.7731660000000034,"failureMessages":[],"meta":{}},{"ancestorTitles":["parseProviderOutput — MODEL_TEXT_IS_NOT_EXECUTABLE=true"],"fullName":"parseProviderOutput — MODEL_TEXT_IS_NOT_EXECUTABLE=true prose with \"TOOL_PROPOSAL: git.push\" creates ZERO tool proposals (free-text rejected)","status":"passed","title":"prose with \"TOOL_PROPOSAL: git.push\" creates ZERO tool proposals (free-text rejected)","duration":0.116375000000005,"failureMessages":[],"meta":{}},{"ancestorTitles":["parseProviderOutput — MODEL_TEXT_IS_NOT_EXECUTABLE=true"],"fullName":"parseProviderOutput — MODEL_TEXT_IS_NOT_EXECUTABLE=true plain JSON object without code block creates ZERO proposals","status":"passed","title":"plain JSON object without code block creates ZERO proposals","duration":0.09754199999999003,"failureMessages":[],"meta":{}},{"ancestorTitles":["parseProviderOutput — MODEL_TEXT_IS_NOT_EXECUTABLE=true"],"fullName":"parseProviderOutput — MODEL_TEXT_IS_NOT_EXECUTABLE=true valid structured JSON block creates exactly the declared proposals","status":"passed","title":"valid structured JSON block creates exactly the declared proposals","duration":0.9326670000000092,"failureMessages":[],"meta":{}},{"ancestorTitles":["parseProviderOutput — MODEL_TEXT_IS_NOT_EXECUTABLE=true"],"fullName":"parseProviderOutput — MODEL_TEXT_IS_NOT_EXECUTABLE=true multiple valid proposals parsed deterministically in order","status":"passed","title":"multiple valid proposals parsed deterministically in order","duration":0.16329199999999844,"failureMessages":[],"meta":{}},{"ancestorTitles":["parseProviderOutput — MODEL_TEXT_IS_NOT_EXECUTABLE=true"],"fullName":"parseProviderOutput — MODEL_TEXT_IS_NOT_EXECUTABLE=true malformed JSON in code block creates ZERO proposals (fail closed)","status":"passed","title":"malformed JSON in code block creates ZERO proposals (fail closed)","duration":0.10654099999999289,"failureMessages":[],"meta":{}},{"ancestorTitles":["parseProviderOutput — MODEL_TEXT_IS_NOT_EXECUTABLE=true"],"fullName":"parseProviderOutput — MODEL_TEXT_IS_NOT_EXECUTABLE=true incomplete proposal (missing required field) fails closed","status":"passed","title":"incomplete proposal (missing required field) fails closed","duration":0.32425000000000637,"failureMessages":[],"meta":{}},{"ancestorTitles":["parseProviderOutput — MODEL_TEXT_IS_NOT_EXECUTABLE=true"],"fullName":"parseProviderOutput — MODEL_TEXT_IS_NOT_EXECUTABLE=true unknown field in proposal fails closed (strict mode)","status":"passed","title":"unknown field in proposal fails closed (strict mode)","duration":0.09066699999999628,"failureMessages":[],"meta":{}},{"ancestorTitles":["parseProviderOutput — MODEL_TEXT_IS_NOT_EXECUTABLE=true"],"fullName":"parseProviderOutput — MODEL_TEXT_IS_NOT_EXECUTABLE=true unknown environment value fails closed","status":"passed","title":"unknown environment value fails closed","duration":0.09000000000000341,"failureMessages":[],"meta":{}},{"ancestorTitles":["parseProviderOutput — MODEL_TEXT_IS_NOT_EXECUTABLE=true"],"fullName":"parseProviderOutput — MODEL_TEXT_IS_NOT_EXECUTABLE=true empty code block fails closed","status":"passed","title":"empty code block fails closed","duration":0.08187499999999659,"failureMessages":[],"meta":{}},{"ancestorTitles":["parseProviderOutput — MODEL_TEXT_IS_NOT_EXECUTABLE=true"],"fullName":"parseProviderOutput — MODEL_TEXT_IS_NOT_EXECUTABLE=true no code block returns empty proposals with summary as truncated prose","status":"passed","title":"no code block returns empty proposals with summary as truncated prose","duration":0.08304099999999437,"failureMessages":[],"meta":{}}],"startTime":1787851538890,"endTime":1787851538893.0906,"status":"passed","message":"","name":"/Users/obretinumic/constructie-orchestrator/tests/agents/provider-output-parser.spec.ts"},{"assertionResults":[{"ancestorTitles":["evidence-bound completion"],"fullName":"evidence-bound completion accepts PASS only with current evidence in the same scope","status":"passed","title":"accepts PASS only with current evidence in the same scope","duration":0.7389170000000007,"failureMessages":[],"meta":{}},{"ancestorTitles":["evidence-bound completion"],"fullName":"evidence-bound completion rejects PASS with stale evidence","status":"passed","title":"rejects PASS with stale evidence","duration":0.11033400000000881,"failureMessages":[],"meta":{}},{"ancestorTitles":["evidence-bound completion"],"fullName":"evidence-bound completion rejects PASS without evidence","status":"passed","title":"rejects PASS without evidence","duration":0.07387500000000102,"failureMessages":[],"meta":{}}],"startTime":1787851541011,"endTime":1787851541012.1104,"status":"passed","message":"","name":"/Users/obretinumic/constructie-orchestrator/tests/evidence/evidence-verification.spec.ts"},{"assertionResults":[{"ancestorTitles":["UC-01 Create New Product from Idea End-to-End"],"fullName":"UC-01 Create New Product from Idea End-to-End UC-01 transforms raw idea into Project Definition Package and yields START AUTHORIZATION","status":"passed","title":"UC-01 transforms raw idea into Project Definition Package and yields START AUTHORIZATION","duration":102.506208,"failureMessages":[],"meta":{}}],"startTime":1787851537418,"endTime":1787851537520.506,"status":"passed","message":"","name":"/Users/obretinumic/constructie-orchestrator/tests/e2e/bootstrap.spec.ts"},{"assertionResults":[{"ancestorTitles":["CMO Applicability Integrity"],"fullName":"CMO Applicability Integrity derives UNRESOLVED when material trigger facts are missing","status":"passed","title":"derives UNRESOLVED when material trigger facts are missing","duration":0.6238330000000047,"failureMessages":[],"meta":{}},{"ancestorTitles":["CMO Applicability Integrity"],"fullName":"CMO Applicability Integrity derives REQUIRED, N_A and DONE appropriately based on evidence","status":"passed","title":"derives REQUIRED, N_A and DONE appropriately based on evidence","duration":0.1028750000000116,"failureMessages":[],"meta":{}}],"startTime":1787851540833,"endTime":1787851540834.1028,"status":"passed","message":"","name":"/Users/obretinumic/constructie-orchestrator/tests/e2e/cmo-integrity.spec.ts"},{"assertionResults":[{"ancestorTitles":["External Host Policy E2E"],"fullName":"External Host Policy E2E E2E-1: Real composition wires all components and enforces policy","status":"passed","title":"E2E-1: Real composition wires all components and enforces policy","duration":108.43183400000001,"failureMessages":[],"meta":{}},{"ancestorTitles":["External Host Policy E2E"],"fullName":"External Host Policy E2E E2E-2: Tool denial propagated to MinimalWorkflowEngine AgentRunResult","status":"passed","title":"E2E-2: Tool denial propagated to MinimalWorkflowEngine AgentRunResult","duration":102.33599999999996,"failureMessages":[],"meta":{}},{"ancestorTitles":["External Host Policy E2E"],"fullName":"External Host Policy E2E E2E-3: Handles redaction, identity forgery, and unapproved actions","status":"passed","title":"E2E-3: Handles redaction, identity forgery, and unapproved actions","duration":101.14912500000003,"failureMessages":[],"meta":{}},{"ancestorTitles":["External Host Policy E2E"],"fullName":"External Host Policy E2E E2E-4: Comprehensive unapproved and unsupported action denial matrix","status":"passed","title":"E2E-4: Comprehensive unapproved and unsupported action denial matrix","duration":507.350416,"failureMessages":[],"meta":{}},{"ancestorTitles":["External Host Policy E2E"],"fullName":"External Host Policy E2E E2E-5: Real UDS IPC Server with forgery, redaction, and environment binding","status":"passed","title":"E2E-5: Real UDS IPC Server with forgery, redaction, and environment binding","duration":8.754125000000158,"failureMessages":[],"meta":{}},{"ancestorTitles":["External Host Policy E2E"],"fullName":"External Host Policy E2E E2E-6: Workspace filesystem works via UDS but denies out-of-scope/secret paths","status":"passed","title":"E2E-6: Workspace filesystem works via UDS but denies out-of-scope/secret paths","duration":4.696667000000161,"failureMessages":[],"meta":{}}],"startTime":1787851534615,"endTime":1787851535448.6968,"status":"passed","message":"","name":"/Users/obretinumic/constructie-orchestrator/tests/e2e/external-host-policy.spec.ts"},{"assertionResults":[{"ancestorTitles":["BOOT-009 first mock end-to-end outcome"],"fullName":"BOOT-009 first mock end-to-end outcome executes Project -> WorkItem -> MockAgent -> Tool/Evidence -> Verification -> Reconciliation -> COMPLETE","status":"passed","title":"executes Project -> WorkItem -> MockAgent -> Tool/Evidence -> Verification -> Reconciliation -> COMPLETE","duration":3.752291999999983,"failureMessages":[],"meta":{}}],"startTime":1787851538783,"endTime":1787851538786.7522,"status":"passed","message":"","name":"/Users/obretinumic/constructie-orchestrator/tests/e2e/first-mock-outcome.spec.ts"},{"assertionResults":[{"ancestorTitles":["Multi-Agent / Provider Execution Governance E2E"],"fullName":"Multi-Agent / Provider Execution Governance E2E orchestrator routes distinct executor/reviewer agents inside the same workflow and audits them distinctly","status":"passed","title":"orchestrator routes distinct executor/reviewer agents inside the same workflow and audits them distinctly","duration":1.2445000000000022,"failureMessages":[],"meta":{}}],"startTime":1787851540658,"endTime":1787851540659.2444,"status":"passed","message":"","name":"/Users/obretinumic/constructie-orchestrator/tests/e2e/multi-agent-governance.spec.ts"},{"assertionResults":[{"ancestorTitles":["No Messenger E2E"],"fullName":"No Messenger E2E executes autonomous loop with repair, owner pause, and resume with post-approval dispatch","status":"passed","title":"executes autonomous loop with repair, owner pause, and resume with post-approval dispatch","duration":1.402124999999998,"failureMessages":[],"meta":{}}],"startTime":1787851539918,"endTime":1787851539919.402,"status":"passed","message":"","name":"/Users/obretinumic/constructie-orchestrator/tests/e2e/no-messenger-e2e.spec.ts"},{"assertionResults":[{"ancestorTitles":["Orchestrator Lifecycle E2E"],"fullName":"Orchestrator Lifecycle E2E runs","status":"passed","title":"runs","duration":0.3915839999999946,"failureMessages":[],"meta":{}}],"startTime":1787851541375,"endTime":1787851541375.3916,"status":"passed","message":"","name":"/Users/obretinumic/constructie-orchestrator/tests/e2e/orchestrator-lifecycle-e2e.spec.ts"},{"assertionResults":[{"ancestorTitles":["Policy Enforcement E2E (Full Composition Root)"],"fullName":"Policy Enforcement E2E (Full Composition Root) E2E-1: Real composition wires all components and enforces policy","status":"passed","title":"E2E-1: Real composition wires all components and enforces policy","duration":106.37608399999999,"failureMessages":[],"meta":{}},{"ancestorTitles":["Policy Enforcement E2E (Full Composition Root)"],"fullName":"Policy Enforcement E2E (Full Composition Root) E2E-2: Tool denial propagated to MinimalWorkflowEngine AgentRunResult","status":"passed","title":"E2E-2: Tool denial propagated to MinimalWorkflowEngine AgentRunResult","duration":102.50370799999999,"failureMessages":[],"meta":{}}],"startTime":1787851535988,"endTime":1787851536197.5037,"status":"passed","message":"","name":"/Users/obretinumic/constructie-orchestrator/tests/e2e/policy-enforcement-e2e.spec.ts"},{"assertionResults":[{"ancestorTitles":["UC-02 Existing Project Takeover"],"fullName":"UC-02 Existing Project Takeover UC-02 analyzes existing project, builds ledger, and achieves READY state","status":"passed","title":"UC-02 analyzes existing project, builds ledger, and achieves READY state","duration":1.3781669999999906,"failureMessages":[],"meta":{}}],"startTime":1787851540380,"endTime":1787851540381.3782,"status":"passed","message":"","name":"/Users/obretinumic/constructie-orchestrator/tests/e2e/uc-02-takeover.spec.ts"},{"assertionResults":[{"ancestorTitles":["UC-03 Execute Blueprint"],"fullName":"UC-03 Execute Blueprint UC-03 executes a blueprint with multiple tasks via multiple agents and yields COMPLETE","status":"passed","title":"UC-03 executes a blueprint with multiple tasks via multiple agents and yields COMPLETE","duration":1.4060410000000019,"failureMessages":[],"meta":{}}],"startTime":1787851540290,"endTime":1787851540291.406,"status":"passed","message":"","name":"/Users/obretinumic/constructie-orchestrator/tests/e2e/uc-03-execute-blueprint.spec.ts"},{"assertionResults":[{"ancestorTitles":["UC-04 Feature Lifecycle"],"fullName":"UC-04 Feature Lifecycle UC-04 executes design, implementation, and verification for a new feature","status":"passed","title":"UC-04 executes design, implementation, and verification for a new feature","duration":1.4362919999999946,"failureMessages":[],"meta":{}}],"startTime":1787851539514,"endTime":1787851539515.4363,"status":"passed","message":"","name":"/Users/obretinumic/constructie-orchestrator/tests/e2e/uc-04-feature-lifecycle.spec.ts"},{"assertionResults":[{"ancestorTitles":["UC-05 Bug Lifecycle"],"fullName":"UC-05 Bug Lifecycle UC-05 executes bug reproduction, fix, and verification","status":"passed","title":"UC-05 executes bug reproduction, fix, and verification","duration":1.3840410000000105,"failureMessages":[],"meta":{}}],"startTime":1787851540101,"endTime":1787851540102.384,"status":"passed","message":"","name":"/Users/obretinumic/constructie-orchestrator/tests/e2e/uc-05-bug-lifecycle.spec.ts"},{"assertionResults":[{"ancestorTitles":["UC-06 Release Lifecycle"],"fullName":"UC-06 Release Lifecycle UC-06 executes pre-flight checks, simulated deploy, and verification","status":"passed","title":"UC-06 executes pre-flight checks, simulated deploy, and verification","duration":1.3937499999999972,"failureMessages":[],"meta":{}}],"startTime":1787851539733,"endTime":1787851539734.3938,"status":"passed","message":"","name":"/Users/obretinumic/constructie-orchestrator/tests/e2e/uc-06-release-lifecycle.spec.ts"},{"assertionResults":[{"ancestorTitles":["UC-07 Recover from Failure E2E"],"fullName":"UC-07 Recover from Failure E2E UC-07 halts execution midway, restarts runtime context, and resumes execution seamlessly","status":"passed","title":"UC-07 halts execution midway, restarts runtime context, and resumes execution seamlessly","duration":1.4865000000000066,"failureMessages":[],"meta":{}}],"startTime":1787851539828,"endTime":1787851539829.4866,"status":"passed","message":"","name":"/Users/obretinumic/constructie-orchestrator/tests/e2e/uc-07-recovery-resume.spec.ts"},{"assertionResults":[{"ancestorTitles":["UC-08 Project Health Audit"],"fullName":"UC-08 Project Health Audit UC-08 audits dependencies, tests, and static analysis","status":"passed","title":"UC-08 audits dependencies, tests, and static analysis","duration":1.6984999999999957,"failureMessages":[],"meta":{}}],"startTime":1787851540195,"endTime":1787851540196.6985,"status":"passed","message":"","name":"/Users/obretinumic/constructie-orchestrator/tests/e2e/uc-08-project-health.spec.ts"},{"assertionResults":[{"ancestorTitles":["UC-09 Continuous Maintenance"],"fullName":"UC-09 Continuous Maintenance UC-09 executes a continuous maintenance cycle","status":"passed","title":"UC-09 executes a continuous maintenance cycle","duration":1.4658329999999893,"failureMessages":[],"meta":{}}],"startTime":1787851540010,"endTime":1787851540011.4658,"status":"passed","message":"","name":"/Users/obretinumic/constructie-orchestrator/tests/e2e/uc-09-continuous-maintenance.spec.ts"},{"assertionResults":[{"ancestorTitles":["OpenAIReviewerAdapter Canonical"],"fullName":"OpenAIReviewerAdapter Canonical maps FAILED to FAIL","status":"passed","title":"maps FAILED to FAIL","duration":0.4240840000000077,"failureMessages":[],"meta":{}},{"ancestorTitles":["OpenAIReviewerAdapter Canonical"],"fullName":"OpenAIReviewerAdapter Canonical maps requestedInputs to OWNER_REQUIRED","status":"passed","title":"maps requestedInputs to OWNER_REQUIRED","duration":0.07433400000000745,"failureMessages":[],"meta":{}},{"ancestorTitles":["OpenAIReviewerAdapter Canonical"],"fullName":"OpenAIReviewerAdapter Canonical maps COMPLETED without inputs to PASS","status":"passed","title":"maps COMPLETED without inputs to PASS","duration":0.0536249999999967,"failureMessages":[],"meta":{}}],"startTime":1787851541098,"endTime":1787851541098.424,"status":"passed","message":"","name":"/Users/obretinumic/constructie-orchestrator/tests/orchestrator/openai-reviewer-adapter.spec.ts"},{"assertionResults":[{"ancestorTitles":["Action Audit Persistence Behavioral"],"fullName":"Action Audit Persistence Behavioral persists HOST_ACTION_PROPOSED, HOST_ACTION_EXECUTION_COMPLETED, HOST_ACTION_RECONCILIATION_REQUIRED with monotonic revisions and correct ids","status":"passed","title":"persists HOST_ACTION_PROPOSED, HOST_ACTION_EXECUTION_COMPLETED, HOST_ACTION_RECONCILIATION_REQUIRED with monotonic revisions and correct ids","duration":1.1938339999999954,"failureMessages":[],"meta":{}}],"startTime":1787851540565,"endTime":1787851540566.1938,"status":"passed","message":"","name":"/Users/obretinumic/constructie-orchestrator/tests/persistence/action-audit-persistence.spec.ts"},{"assertionResults":[{"ancestorTitles":["Independent Verification"],"fullName":"Independent Verification runs","status":"passed","title":"runs","duration":0.4565419999999989,"failureMessages":[],"meta":{}}],"startTime":1787851541289,"endTime":1787851541289.4565,"status":"passed","message":"","name":"/Users/obretinumic/constructie-orchestrator/tests/integration/independent-verification.spec.ts"},{"assertionResults":[{"ancestorTitles":["ProjectStore"],"fullName":"ProjectStore persists project + event + outbox atomically","status":"passed","title":"persists project + event + outbox atomically","duration":88.83866600000002,"failureMessages":[],"meta":{}},{"ancestorTitles":["ProjectStore"],"fullName":"ProjectStore rejects stale writes without creating event/outbox rows","status":"passed","title":"rejects stale writes without creating event/outbox rows","duration":16.754084000000006,"failureMessages":[],"meta":{}}],"startTime":1787851537201,"endTime":1787851537306.7542,"status":"passed","message":"","name":"/Users/obretinumic/constructie-orchestrator/tests/integration/project-persistence.spec.ts"},{"assertionResults":[{"ancestorTitles":["RunCoordinator Restart/Resume E2E"],"fullName":"RunCoordinator Restart/Resume E2E persists events, destroys in-memory state, and reconstructs to resume with post-approval dispatch","status":"passed","title":"persists events, destroys in-memory state, and reconstructs to resume with post-approval dispatch","duration":124.043584,"failureMessages":[],"meta":{}}],"startTime":1787851536960,"endTime":1787851537084.0437,"status":"passed","message":"","name":"/Users/obretinumic/constructie-orchestrator/tests/integration/restart-resume-coordinator.spec.ts"},{"assertionResults":[{"ancestorTitles":["BOOT Qualification — PostgreSQL restart/resume proof"],"fullName":"BOOT Qualification — PostgreSQL restart/resume proof recreates Prisma/WorkStore, resumes the same provider run, and preserves a single semantic attempt","status":"passed","title":"recreates Prisma/WorkStore, resumes the same provider run, and preserves a single semantic attempt","duration":143.07237500000002,"failureMessages":[],"meta":{}}],"startTime":1787851536706,"endTime":1787851536849.0723,"status":"passed","message":"","name":"/Users/obretinumic/constructie-orchestrator/tests/integration/restart-resume-postgres.spec.ts"},{"assertionResults":[{"ancestorTitles":["ReconciliationEngineV0"],"fullName":"ReconciliationEngineV0 returns PASS for consistent completed work with current evidence and PASS verification","status":"passed","title":"returns PASS for consistent completed work with current evidence and PASS verification","duration":0.8470000000000084,"failureMessages":[],"meta":{}},{"ancestorTitles":["ReconciliationEngineV0"],"fullName":"ReconciliationEngineV0 fails when a PASS verification references missing evidence","status":"passed","title":"fails when a PASS verification references missing evidence","duration":0.3311250000000001,"failureMessages":[],"meta":{}},{"ancestorTitles":["ReconciliationEngineV0"],"fullName":"ReconciliationEngineV0 blocks when the work item is not completed","status":"passed","title":"blocks when the work item is not completed","duration":0.102374999999995,"failureMessages":[],"meta":{}}],"startTime":1787851540746,"endTime":1787851540748.1023,"status":"passed","message":"","name":"/Users/obretinumic/constructie-orchestrator/tests/reconciliation/reconciliation-v0.spec.ts"},{"assertionResults":[{"ancestorTitles":["BOOT-010 restart / resume proof"],"fullName":"BOOT-010 restart / resume proof recreates the Orchestrator process, reuses the same Attempt and provider run, and does not duplicate semantic work","status":"passed","title":"recreates the Orchestrator process, reuses the same Attempt and provider run, and does not duplicate semantic work","duration":1.8027090000000072,"failureMessages":[],"meta":{}},{"ancestorTitles":["BOOT-010 restart / resume proof"],"fullName":"BOOT-010 restart / resume proof WorkflowEngine accurately models interrupt and ResumeCoordinator successfully restores it","status":"passed","title":"WorkflowEngine accurately models interrupt and ResumeCoordinator successfully restores it","duration":7.174959000000001,"failureMessages":[],"meta":{}}],"startTime":1787851538148,"endTime":1787851538157.175,"status":"passed","message":"","name":"/Users/obretinumic/constructie-orchestrator/tests/restart/restart-resume.spec.ts"},{"assertionResults":[{"ancestorTitles":["ActionClassifier — Synterra synthetic qualification cases"],"fullName":"ActionClassifier — Synterra synthetic qualification cases classifies prisma db pull as DATABASE_READ + SCHEMA_SOURCE_MUTATION","status":"passed","title":"classifies prisma db pull as DATABASE_READ + SCHEMA_SOURCE_MUTATION","duration":1.129958000000002,"failureMessages":[],"meta":{}},{"ancestorTitles":["ActionClassifier — Synterra synthetic qualification cases"],"fullName":"ActionClassifier — Synterra synthetic qualification cases classifies cat .env as SECRET_READ","status":"passed","title":"classifies cat .env as SECRET_READ","duration":0.2960000000000065,"failureMessages":[],"meta":{}},{"ancestorTitles":["ActionClassifier — Synterra synthetic qualification cases"],"fullName":"ActionClassifier — Synterra synthetic qualification cases classifies grep DATABASE_URL .env as SECRET_READ","status":"passed","title":"classifies grep DATABASE_URL .env as SECRET_READ","duration":0.11504200000000253,"failureMessages":[],"meta":{}},{"ancestorTitles":["ActionClassifier — Synterra synthetic qualification cases"],"fullName":"ActionClassifier — Synterra synthetic qualification cases classifies cat .env.production as SECRET_READ","status":"passed","title":"classifies cat .env.production as SECRET_READ","duration":0.06199999999999761,"failureMessages":[],"meta":{}},{"ancestorTitles":["ActionClassifier — Synterra synthetic qualification cases"],"fullName":"ActionClassifier — Synterra synthetic qualification cases classifies POST /auth/login as AUTH_SESSION_CREATION + CREDENTIAL_USE","status":"passed","title":"classifies POST /auth/login as AUTH_SESSION_CREATION + CREDENTIAL_USE","duration":0.08662499999999795,"failureMessages":[],"meta":{}},{"ancestorTitles":["ActionClassifier — Synterra synthetic qualification cases"],"fullName":"ActionClassifier — Synterra synthetic qualification cases classifies GET /health/live as PRODUCTION_READ (case 12)","status":"passed","title":"classifies GET /health/live as PRODUCTION_READ (case 12)","duration":0.08508400000000904,"failureMessages":[],"meta":{}},{"ancestorTitles":["ActionClassifier — Synterra synthetic qualification cases"],"fullName":"ActionClassifier — Synterra synthetic qualification cases classifies GET /branches as PRODUCTION_READ (case 13)","status":"passed","title":"classifies GET /branches as PRODUCTION_READ (case 13)","duration":0.048292000000003554,"failureMessages":[],"meta":{}},{"ancestorTitles":["ActionClassifier — Synterra synthetic qualification cases"],"fullName":"ActionClassifier — Synterra synthetic qualification cases classifies exact git add of single file as GIT_STAGE (case 10)","status":"passed","title":"classifies exact git add of single file as GIT_STAGE (case 10)","duration":0.07183399999999551,"failureMessages":[],"meta":{}},{"ancestorTitles":["ActionClassifier — Synterra synthetic qualification cases"],"fullName":"ActionClassifier — Synterra synthetic qualification cases classifies git add . as GIT_STAGE + UNKNOWN (broad staging — globally denied)","status":"passed","title":"classifies git add . as GIT_STAGE + UNKNOWN (broad staging — globally denied)","duration":0.07783299999999826,"failureMessages":[],"meta":{}},{"ancestorTitles":["ActionClassifier — Synterra synthetic qualification cases"],"fullName":"ActionClassifier — Synterra synthetic qualification cases classifies git commit as GIT_COMMIT (case 7)","status":"passed","title":"classifies git commit as GIT_COMMIT (case 7)","duration":0.07208400000000381,"failureMessages":[],"meta":{}},{"ancestorTitles":["ActionClassifier — Synterra synthetic qualification cases"],"fullName":"ActionClassifier — Synterra synthetic qualification cases classifies git push as GIT_PUSH (case 8)","status":"passed","title":"classifies git push as GIT_PUSH (case 8)","duration":0.05520800000000747,"failureMessages":[],"meta":{}},{"ancestorTitles":["ActionClassifier — Synterra synthetic qualification cases"],"fullName":"ActionClassifier — Synterra synthetic qualification cases classifies git push --force as GIT_PUSH + GIT_DESTRUCTIVE","status":"passed","title":"classifies git push --force as GIT_PUSH + GIT_DESTRUCTIVE","duration":0.04866599999999721,"failureMessages":[],"meta":{}},{"ancestorTitles":["ActionClassifier — Synterra synthetic qualification cases"],"fullName":"ActionClassifier — Synterra synthetic qualification cases classifies railway up as DEPLOYMENT (case 9)","status":"passed","title":"classifies railway up as DEPLOYMENT (case 9)","duration":0.034000000000006025,"failureMessages":[],"meta":{}},{"ancestorTitles":["ActionClassifier — Synterra synthetic qualification cases"],"fullName":"ActionClassifier — Synterra synthetic qualification cases classifies railway redeploy as DEPLOYMENT","status":"passed","title":"classifies railway redeploy as DEPLOYMENT","duration":0.0297079999999994,"failureMessages":[],"meta":{}},{"ancestorTitles":["ActionClassifier — Synterra synthetic qualification cases"],"fullName":"ActionClassifier — Synterra synthetic qualification cases classifies prisma migrate dev as DATABASE_MUTATION + SCHEMA_MUTATION + DESTRUCTIVE","status":"passed","title":"classifies prisma migrate dev as DATABASE_MUTATION + SCHEMA_MUTATION + DESTRUCTIVE","duration":0.04762500000001069,"failureMessages":[],"meta":{}},{"ancestorTitles":["ActionClassifier — Synterra synthetic qualification cases"],"fullName":"ActionClassifier — Synterra synthetic qualification cases classifies printenv as SECRET_READ","status":"passed","title":"classifies printenv as SECRET_READ","duration":0.02766699999999389,"failureMessages":[],"meta":{}},{"ancestorTitles":["ActionClassifier — Synterra synthetic qualification cases"],"fullName":"ActionClassifier — Synterra synthetic qualification cases classifies filesystem write to .ts file as SOURCE_MUTATION","status":"passed","title":"classifies filesystem write to .ts file as SOURCE_MUTATION","duration":0.08024999999999238,"failureMessages":[],"meta":{}}],"startTime":1787851539419,"endTime":1787851539422.0803,"status":"passed","message":"","name":"/Users/obretinumic/constructie-orchestrator/tests/policy/action-classifier.spec.ts"},{"assertionResults":[{"ancestorTitles":["OwnerEventProcessor — initialization"],"fullName":"OwnerEventProcessor — initialization initializes with correct gate and environment","status":"passed","title":"initializes with correct gate and environment","duration":0.5054170000000084,"failureMessages":[],"meta":{}},{"ancestorTitles":["OwnerEventProcessor — initialization"],"fullName":"OwnerEventProcessor — initialization starts with no active authorities","status":"passed","title":"starts with no active authorities","duration":0.36216699999999946,"failureMessages":[],"meta":{}},{"ancestorTitles":["OwnerEventProcessor — initialization"],"fullName":"OwnerEventProcessor — initialization starts with empty approved file scope","status":"passed","title":"starts with empty approved file scope","duration":0.09966599999999914,"failureMessages":[],"meta":{}},{"ancestorTitles":["OwnerEventProcessor — authority grants"],"fullName":"OwnerEventProcessor — authority grants applies a trusted authority event — hasAuthority returns true","status":"passed","title":"applies a trusted authority event — hasAuthority returns true","duration":0.26900000000000546,"failureMessages":[],"meta":{}},{"ancestorTitles":["OwnerEventProcessor — authority grants"],"fullName":"OwnerEventProcessor — authority grants rejects an unbranded plain object — UntrustedOwnerEventError","status":"passed","title":"rejects an unbranded plain object — UntrustedOwnerEventError","duration":0.11533300000000679,"failureMessages":[],"meta":{}},{"ancestorTitles":["OwnerEventProcessor — authority grants"],"fullName":"OwnerEventProcessor — authority grants rejects event with mismatched taskId — TaskMismatchError","status":"passed","title":"rejects event with mismatched taskId — TaskMismatchError","duration":0.08599999999999852,"failureMessages":[],"meta":{}},{"ancestorTitles":["OwnerEventProcessor — authority grants"],"fullName":"OwnerEventProcessor — authority grants activeAuthorities returns immutable snapshot — new array on each call","status":"passed","title":"activeAuthorities returns immutable snapshot — new array on each call","duration":0.3879579999999976,"failureMessages":[],"meta":{}},{"ancestorTitles":["OwnerEventProcessor — gate transitions"],"fullName":"OwnerEventProcessor — gate transitions transitions AUDIT → PLAN (no token required)","status":"passed","title":"transitions AUDIT → PLAN (no token required)","duration":0.11200000000000898,"failureMessages":[],"meta":{}},{"ancestorTitles":["OwnerEventProcessor — gate transitions"],"fullName":"OwnerEventProcessor — gate transitions PLAN → IMPLEMENTATION requires OWNER_IMPLEMENTATION_APPROVED — denied without token","status":"passed","title":"PLAN → IMPLEMENTATION requires OWNER_IMPLEMENTATION_APPROVED — denied without token","duration":0.10079200000001265,"failureMessages":[],"meta":{}},{"ancestorTitles":["OwnerEventProcessor — gate transitions"],"fullName":"OwnerEventProcessor — gate transitions OWNER_PLAN_REVIEW → IMPLEMENTATION succeeds with OWNER_IMPLEMENTATION_APPROVED token","status":"passed","title":"OWNER_PLAN_REVIEW → IMPLEMENTATION succeeds with OWNER_IMPLEMENTATION_APPROVED token","duration":0.09904099999999971,"failureMessages":[],"meta":{}},{"ancestorTitles":["OwnerEventProcessor — gate transitions"],"fullName":"OwnerEventProcessor — gate transitions gate transition does NOT consume the required token","status":"passed","title":"gate transition does NOT consume the required token","duration":0.07912500000000477,"failureMessages":[],"meta":{}},{"ancestorTitles":["OwnerEventProcessor — gate transitions"],"fullName":"OwnerEventProcessor — gate transitions rejects undefined transition (COMMIT → AUDIT) — GateTransitionNotPermittedError","status":"passed","title":"rejects undefined transition (COMMIT → AUDIT) — GateTransitionNotPermittedError","duration":0.04645800000000122,"failureMessages":[],"meta":{}},{"ancestorTitles":["OwnerEventProcessor — gate transitions"],"fullName":"OwnerEventProcessor — gate transitions rejects unbranded gate transition event","status":"passed","title":"rejects unbranded gate transition event","duration":0.029415999999997666,"failureMessages":[],"meta":{}},{"ancestorTitles":["OwnerEventProcessor — approved file scope"],"fullName":"OwnerEventProcessor — approved file scope sets approved file scope from trusted event","status":"passed","title":"sets approved file scope from trusted event","duration":0.0739590000000021,"failureMessages":[],"meta":{}},{"ancestorTitles":["OwnerEventProcessor — approved file scope"],"fullName":"OwnerEventProcessor — approved file scope replaces previous scope on second event","status":"passed","title":"replaces previous scope on second event","duration":0.03583299999999667,"failureMessages":[],"meta":{}},{"ancestorTitles":["OwnerEventProcessor — approved file scope"],"fullName":"OwnerEventProcessor — approved file scope approvedFiles snapshot is a new array each call — no internal Set reference escapes","status":"passed","title":"approvedFiles snapshot is a new array each call — no internal Set reference escapes","duration":0.06945799999999736,"failureMessages":[],"meta":{}},{"ancestorTitles":["OwnerEventProcessor — approved file scope"],"fullName":"OwnerEventProcessor — approved file scope rejects unbranded scope event","status":"passed","title":"rejects unbranded scope event","duration":0.03008400000000222,"failureMessages":[],"meta":{}},{"ancestorTitles":["OwnerEventProcessor — grant state machine (ISSUED → ACTIVE → RESERVED → CONSUMED)"],"fullName":"OwnerEventProcessor — grant state machine (ISSUED → ACTIVE → RESERVED → CONSUMED) grant lifecycle: ACTIVE → RESERVED → CONSUMED on success","status":"passed","title":"grant lifecycle: ACTIVE → RESERVED → CONSUMED on success","duration":0.1245839999999987,"failureMessages":[],"meta":{}},{"ancestorTitles":["OwnerEventProcessor — grant state machine (ISSUED → ACTIVE → RESERVED → CONSUMED)"],"fullName":"OwnerEventProcessor — grant state machine (ISSUED → ACTIVE → RESERVED → CONSUMED) grant NOT consumed after TIMED_OUT — becomes RECONCILIATION_REQUIRED","status":"passed","title":"grant NOT consumed after TIMED_OUT — becomes RECONCILIATION_REQUIRED","duration":0.06533299999999542,"failureMessages":[],"meta":{}},{"ancestorTitles":["OwnerEventProcessor — grant state machine (ISSUED → ACTIVE → RESERVED → CONSUMED)"],"fullName":"OwnerEventProcessor — grant state machine (ISSUED → ACTIVE → RESERVED → CONSUMED) grant released for retry after CANCELLED (proven not executed)","status":"passed","title":"grant released for retry after CANCELLED (proven not executed)","duration":0.06041700000000105,"failureMessages":[],"meta":{}},{"ancestorTitles":["OwnerEventProcessor — grant state machine (ISSUED → ACTIVE → RESERVED → CONSUMED)"],"fullName":"OwnerEventProcessor — grant state machine (ISSUED → ACTIVE → RESERVED → CONSUMED) throws GrantNotFoundError on consumeGrant without reserve","status":"passed","title":"throws GrantNotFoundError on consumeGrant without reserve","duration":0.060040999999998235,"failureMessages":[],"meta":{}},{"ancestorTitles":["OwnerEventProcessor — grant state machine (ISSUED → ACTIVE → RESERVED → CONSUMED)"],"fullName":"OwnerEventProcessor — grant state machine (ISSUED → ACTIVE → RESERVED → CONSUMED) ReadOnlyExecutionContext has no mutation methods (type-safety verified at runtime)","status":"passed","title":"ReadOnlyExecutionContext has no mutation methods (type-safety verified at runtime)","duration":0.050083000000000766,"failureMessages":[],"meta":{}},{"ancestorTitles":["OwnerEventProcessor — audit log"],"fullName":"OwnerEventProcessor — audit log records all state changes in audit log","status":"passed","title":"records all state changes in audit log","duration":0.07699999999999818,"failureMessages":[],"meta":{}},{"ancestorTitles":["OwnerEventProcessor — audit log"],"fullName":"OwnerEventProcessor — audit log auditLog snapshot is a new array each call","status":"passed","title":"auditLog snapshot is a new array each call","duration":0.031041999999999348,"failureMessages":[],"meta":{}}],"startTime":1787851538988,"endTime":1787851538991.077,"status":"passed","message":"","name":"/Users/obretinumic/constructie-orchestrator/tests/policy/owner-event-processor.spec.ts"},{"assertionResults":[{"ancestorTitles":["ActionClassifyingPolicyEngine — 14 Synterra synthetic qualification cases"],"fullName":"ActionClassifyingPolicyEngine — 14 Synterra synthetic qualification cases CASE 1 — DENY: prisma db pull in PRODUCTION_VALIDATION_READ_ONLY gate","status":"passed","title":"CASE 1 — DENY: prisma db pull in PRODUCTION_VALIDATION_READ_ONLY gate","duration":1.6362919999999974,"failureMessages":[],"meta":{}},{"ancestorTitles":["ActionClassifyingPolicyEngine — 14 Synterra synthetic qualification cases"],"fullName":"ActionClassifyingPolicyEngine — 14 Synterra synthetic qualification cases CASE 2 — DENY: cat .env in PRODUCTION_VALIDATION_READ_ONLY gate","status":"passed","title":"CASE 2 — DENY: cat .env in PRODUCTION_VALIDATION_READ_ONLY gate","duration":0.08395899999999301,"failureMessages":[],"meta":{}},{"ancestorTitles":["ActionClassifyingPolicyEngine — 14 Synterra synthetic qualification cases"],"fullName":"ActionClassifyingPolicyEngine — 14 Synterra synthetic qualification cases CASE 3 — DENY: grep DATABASE_URL .env (any gate)","status":"passed","title":"CASE 3 — DENY: grep DATABASE_URL .env (any gate)","duration":0.0796670000000006,"failureMessages":[],"meta":{}},{"ancestorTitles":["ActionClassifyingPolicyEngine — 14 Synterra synthetic qualification cases"],"fullName":"ActionClassifyingPolicyEngine — 14 Synterra synthetic qualification cases CASE 4 — DENY: generated script containing credential literal","status":"passed","title":"CASE 4 — DENY: generated script containing credential literal","duration":0.21025000000000205,"failureMessages":[],"meta":{}},{"ancestorTitles":["ActionClassifyingPolicyEngine — 14 Synterra synthetic qualification cases"],"fullName":"ActionClassifyingPolicyEngine — 14 Synterra synthetic qualification cases CASE 5 — DENY: POST /auth/login in PRODUCTION_VALIDATION gate","status":"passed","title":"CASE 5 — DENY: POST /auth/login in PRODUCTION_VALIDATION gate","duration":0.19541700000000617,"failureMessages":[],"meta":{}},{"ancestorTitles":["ActionClassifyingPolicyEngine — 14 Synterra synthetic qualification cases"],"fullName":"ActionClassifyingPolicyEngine — 14 Synterra synthetic qualification cases CASE 6 — DENY: git commit without OWNER_COMMIT_APPROVED","status":"passed","title":"CASE 6 — DENY: git commit without OWNER_COMMIT_APPROVED","duration":0.1064580000000035,"failureMessages":[],"meta":{}},{"ancestorTitles":["ActionClassifyingPolicyEngine — 14 Synterra synthetic qualification cases"],"fullName":"ActionClassifyingPolicyEngine — 14 Synterra synthetic qualification cases CASE 7 — DENY: git push without OWNER_PUSH_APPROVED","status":"passed","title":"CASE 7 — DENY: git push without OWNER_PUSH_APPROVED","duration":0.07791699999999935,"failureMessages":[],"meta":{}},{"ancestorTitles":["ActionClassifyingPolicyEngine — 14 Synterra synthetic qualification cases"],"fullName":"ActionClassifyingPolicyEngine — 14 Synterra synthetic qualification cases CASE 8 — DENY: source edit in IMPLEMENTATION without OWNER_IMPLEMENTATION_APPROVED","status":"passed","title":"CASE 8 — DENY: source edit in IMPLEMENTATION without OWNER_IMPLEMENTATION_APPROVED","duration":0.09454100000000665,"failureMessages":[],"meta":{}},{"ancestorTitles":["ActionClassifyingPolicyEngine — 14 Synterra synthetic qualification cases"],"fullName":"ActionClassifyingPolicyEngine — 14 Synterra synthetic qualification cases CASE 9 — DENY: git push in COMMIT gate (requires PUSH gate)","status":"passed","title":"CASE 9 — DENY: git push in COMMIT gate (requires PUSH gate)","duration":0.14116599999999835,"failureMessages":[],"meta":{}},{"ancestorTitles":["ActionClassifyingPolicyEngine — 14 Synterra synthetic qualification cases"],"fullName":"ActionClassifyingPolicyEngine — 14 Synterra synthetic qualification cases CASE 10 — ALLOW: git add of approved file in COMMIT gate with token","status":"passed","title":"CASE 10 — ALLOW: git add of approved file in COMMIT gate with token","duration":0.1927919999999972,"failureMessages":[],"meta":{}},{"ancestorTitles":["ActionClassifyingPolicyEngine — 14 Synterra synthetic qualification cases"],"fullName":"ActionClassifyingPolicyEngine — 14 Synterra synthetic qualification cases CASE 11 — DENY: git add of unapproved file in COMMIT gate","status":"passed","title":"CASE 11 — DENY: git add of unapproved file in COMMIT gate","duration":0.0854580000000027,"failureMessages":[],"meta":{}},{"ancestorTitles":["ActionClassifyingPolicyEngine — 14 Synterra synthetic qualification cases"],"fullName":"ActionClassifyingPolicyEngine — 14 Synterra synthetic qualification cases CASE 12 — ALLOW: GET /health/live in PRODUCTION_VALIDATION gate","status":"passed","title":"CASE 12 — ALLOW: GET /health/live in PRODUCTION_VALIDATION gate","duration":0.05041599999999846,"failureMessages":[],"meta":{}},{"ancestorTitles":["ActionClassifyingPolicyEngine — 14 Synterra synthetic qualification cases"],"fullName":"ActionClassifyingPolicyEngine — 14 Synterra synthetic qualification cases CASE 13 — ALLOW: GET /branches in PRODUCTION_VALIDATION gate","status":"passed","title":"CASE 13 — ALLOW: GET /branches in PRODUCTION_VALIDATION gate","duration":0.045667000000008784,"failureMessages":[],"meta":{}},{"ancestorTitles":["ActionClassifyingPolicyEngine — 14 Synterra synthetic qualification cases"],"fullName":"ActionClassifyingPolicyEngine — 14 Synterra synthetic qualification cases CASE 14 — CRITICAL: git push is DENIED independently of model text","status":"passed","title":"CASE 14 — CRITICAL: git push is DENIED independently of model text","duration":0.2611249999999927,"failureMessages":[],"meta":{}},{"ancestorTitles":["ActionClassifyingPolicyEngine — additional gate rules"],"fullName":"ActionClassifyingPolicyEngine — additional gate rules AUDIT gate allows read-only but denies any mutation","status":"passed","title":"AUDIT gate allows read-only but denies any mutation","duration":0.08433300000000088,"failureMessages":[],"meta":{}},{"ancestorTitles":["ActionClassifyingPolicyEngine — additional gate rules"],"fullName":"ActionClassifyingPolicyEngine — additional gate rules git commit in IMPLEMENTATION gate is denied (not yet in COMMIT gate)","status":"passed","title":"git commit in IMPLEMENTATION gate is denied (not yet in COMMIT gate)","duration":0.034290999999996075,"failureMessages":[],"meta":{}},{"ancestorTitles":["ActionClassifyingPolicyEngine — additional gate rules"],"fullName":"ActionClassifyingPolicyEngine — additional gate rules git push in COMMIT gate is denied (push requires PUSH gate)","status":"passed","title":"git push in COMMIT gate is denied (push requires PUSH gate)","duration":0.04095800000000338,"failureMessages":[],"meta":{}},{"ancestorTitles":["ActionClassifyingPolicyEngine — additional gate rules"],"fullName":"ActionClassifyingPolicyEngine — additional gate rules fail-closed: unknown tool returns REQUIRE_APPROVAL","status":"passed","title":"fail-closed: unknown tool returns REQUIRE_APPROVAL","duration":0.031582999999997696,"failureMessages":[],"meta":{}},{"ancestorTitles":["ActionClassifyingPolicyEngine — additional gate rules"],"fullName":"ActionClassifyingPolicyEngine — additional gate rules ALLOW sets evaluatorKind on engine instance","status":"passed","title":"ALLOW sets evaluatorKind on engine instance","duration":0.01966600000000085,"failureMessages":[],"meta":{}},{"ancestorTitles":["InMemoryExecutionAuditLedger"],"fullName":"InMemoryExecutionAuditLedger denied entries show executionResult NOT_EXECUTED","status":"passed","title":"denied entries show executionResult NOT_EXECUTED","duration":0.2823749999999876,"failureMessages":[],"meta":{}}],"startTime":1787851538627,"endTime":1787851538631.2825,"status":"passed","message":"","name":"/Users/obretinumic/constructie-orchestrator/tests/policy/policy-engine.spec.ts"},{"assertionResults":[{"ancestorTitles":["SecretFileGuard"],"fullName":"SecretFileGuard triggers on cat .env (case 2)","status":"passed","title":"triggers on cat .env (case 2)","duration":0.6655409999999904,"failureMessages":[],"meta":{}},{"ancestorTitles":["SecretFileGuard"],"fullName":"SecretFileGuard triggers on grep DATABASE_URL .env (case 3)","status":"passed","title":"triggers on grep DATABASE_URL .env (case 3)","duration":0.11529199999999662,"failureMessages":[],"meta":{}},{"ancestorTitles":["SecretFileGuard"],"fullName":"SecretFileGuard triggers on grep SECRET .env.production","status":"passed","title":"triggers on grep SECRET .env.production","duration":0.08604199999999196,"failureMessages":[],"meta":{}},{"ancestorTitles":["SecretFileGuard"],"fullName":"SecretFileGuard triggers on awk extraction from .env","status":"passed","title":"triggers on awk extraction from .env","duration":0.048500000000004206,"failureMessages":[],"meta":{}},{"ancestorTitles":["SecretFileGuard"],"fullName":"SecretFileGuard does NOT trigger on cat package.json","status":"passed","title":"does NOT trigger on cat package.json","duration":0.13295799999998792,"failureMessages":[],"meta":{}},{"ancestorTitles":["SecretFileGuard"],"fullName":"SecretFileGuard does NOT trigger on cat README.md","status":"passed","title":"does NOT trigger on cat README.md","duration":0.14487499999999898,"failureMessages":[],"meta":{}},{"ancestorTitles":["SecretOutputGuard"],"fullName":"SecretOutputGuard triggers on printenv","status":"passed","title":"triggers on printenv","duration":0.07791699999999935,"failureMessages":[],"meta":{}},{"ancestorTitles":["SecretOutputGuard"],"fullName":"SecretOutputGuard triggers on env","status":"passed","title":"triggers on env","duration":0.035291999999998325,"failureMessages":[],"meta":{}},{"ancestorTitles":["SecretOutputGuard"],"fullName":"SecretOutputGuard triggers on echo $DATABASE_URL","status":"passed","title":"triggers on echo $DATABASE_URL","duration":0.06141700000000583,"failureMessages":[],"meta":{}},{"ancestorTitles":["SecretOutputGuard"],"fullName":"SecretOutputGuard triggers on railway variables","status":"passed","title":"triggers on railway variables","duration":0.06029200000000401,"failureMessages":[],"meta":{}},{"ancestorTitles":["SecretOutputGuard"],"fullName":"SecretOutputGuard does NOT trigger on echo hello world","status":"passed","title":"does NOT trigger on echo hello world","duration":0.11837500000000034,"failureMessages":[],"meta":{}},{"ancestorTitles":["SecretLiteralGuard"],"fullName":"SecretLiteralGuard triggers on postgres connection string with credentials","status":"passed","title":"triggers on postgres connection string with credentials","duration":0.10229100000000813,"failureMessages":[],"meta":{}},{"ancestorTitles":["SecretLiteralGuard"],"fullName":"SecretLiteralGuard triggers when generated content contains password literal (case 4)","status":"passed","title":"triggers when generated content contains password literal (case 4)","duration":0.2429169999999914,"failureMessages":[],"meta":{}},{"ancestorTitles":["SecretLiteralGuard"],"fullName":"SecretLiteralGuard triggers on Authorization Bearer literal in command","status":"passed","title":"triggers on Authorization Bearer literal in command","duration":0.07404099999999403,"failureMessages":[],"meta":{}},{"ancestorTitles":["SecretLiteralGuard"],"fullName":"SecretLiteralGuard does NOT trigger on env variable reference (safe pattern)","status":"passed","title":"does NOT trigger on env variable reference (safe pattern)","duration":0.17479099999999903,"failureMessages":[],"meta":{}},{"ancestorTitles":["SecretLiteralGuard"],"fullName":"SecretLiteralGuard triggers on private key PEM in generated content","status":"passed","title":"triggers on private key PEM in generated content","duration":0.026749999999992724,"failureMessages":[],"meta":{}},{"ancestorTitles":["AuthCredentialScriptGuard (Synterra incident pattern)"],"fullName":"AuthCredentialScriptGuard (Synterra incident pattern) triggers on generated JS with embedded production email+password (case 4 / Synterra)","status":"passed","title":"triggers on generated JS with embedded production email+password (case 4 / Synterra)","duration":0.0835830000000044,"failureMessages":[],"meta":{}},{"ancestorTitles":["AuthCredentialScriptGuard (Synterra incident pattern)"],"fullName":"AuthCredentialScriptGuard (Synterra incident pattern) does NOT trigger on generated file with no credentials","status":"passed","title":"does NOT trigger on generated file with no credentials","duration":0.16070799999999963,"failureMessages":[],"meta":{}},{"ancestorTitles":["AuthCredentialScriptGuard (Synterra incident pattern)"],"fullName":"AuthCredentialScriptGuard (Synterra incident pattern) does NOT trigger on generated file using env variable references","status":"passed","title":"does NOT trigger on generated file using env variable references","duration":0.10637499999999989,"failureMessages":[],"meta":{}}],"startTime":1787851539326,"endTime":1787851539329.1606,"status":"passed","message":"","name":"/Users/obretinumic/constructie-orchestrator/tests/policy/secret-guards.spec.ts"},{"assertionResults":[{"ancestorTitles":["GovernedToolGateway E2E"],"fullName":"GovernedToolGateway E2E GW-1: missing required token -> DENY, NOT_EXECUTED (adapter not called)","status":"passed","title":"GW-1: missing required token -> DENY, NOT_EXECUTED (adapter not called)","duration":3.5464999999999947,"failureMessages":[],"meta":{}},{"ancestorTitles":["GovernedToolGateway E2E"],"fullName":"GovernedToolGateway E2E GW-2: valid token -> ALLOW, RESERVED -> CONSUMED on SUCCEEDED","status":"passed","title":"GW-2: valid token -> ALLOW, RESERVED -> CONSUMED on SUCCEEDED","duration":1.0381249999999937,"failureMessages":[],"meta":{}},{"ancestorTitles":["GovernedToolGateway E2E"],"fullName":"GovernedToolGateway E2E GW-3: valid token, execution fails -> RESERVED -> RECONCILIATION_REQUIRED","status":"passed","title":"GW-3: valid token, execution fails -> RESERVED -> RECONCILIATION_REQUIRED","duration":0.32525000000001114,"failureMessages":[],"meta":{}},{"ancestorTitles":["GovernedToolGateway E2E"],"fullName":"GovernedToolGateway E2E GW-4: valid token, execution cancelled -> RESERVED -> ACTIVE (retry allowed)","status":"passed","title":"GW-4: valid token, execution cancelled -> RESERVED -> ACTIVE (retry allowed)","duration":0.24720800000000054,"failureMessages":[],"meta":{}},{"ancestorTitles":["GovernedToolGateway E2E"],"fullName":"GovernedToolGateway E2E GW-5: Legacy StaticToolPolicy works","status":"passed","title":"GW-5: Legacy StaticToolPolicy works","duration":0.19379200000000196,"failureMessages":[],"meta":{}},{"ancestorTitles":["GovernedToolGateway E2E"],"fullName":"GovernedToolGateway E2E GW-6: Guard violation -> DENY, NOT_EXECUTED","status":"passed","title":"GW-6: Guard violation -> DENY, NOT_EXECUTED","duration":0.19608399999999904,"failureMessages":[],"meta":{}},{"ancestorTitles":["GovernedToolGateway E2E"],"fullName":"GovernedToolGateway E2E GW-7: pre-exec persistence failure prevents adapter execution and fails closed","status":"passed","title":"GW-7: pre-exec persistence failure prevents adapter execution and fails closed","duration":0.2783329999999893,"failureMessages":[],"meta":{}},{"ancestorTitles":["GovernedToolGateway E2E"],"fullName":"GovernedToolGateway E2E GW-8: post-exec persistence failure returns UNKNOWN and requires reconciliation","status":"passed","title":"GW-8: post-exec persistence failure returns UNKNOWN and requires reconciliation","duration":0.8292920000000095,"failureMessages":[],"meta":{}}],"startTime":1787851538273,"endTime":1787851538279.8293,"status":"passed","message":"","name":"/Users/obretinumic/constructie-orchestrator/tests/tools/governed-gateway-e2e.spec.ts"},{"assertionResults":[{"ancestorTitles":["OutputRedactor Behavioral"],"fullName":"OutputRedactor Behavioral redacts known secrets from output","status":"passed","title":"redacts known secrets from output","duration":0.5287089999999921,"failureMessages":[],"meta":{}}],"startTime":1787851541205,"endTime":1787851541205.5288,"status":"passed","message":"","name":"/Users/obretinumic/constructie-orchestrator/tests/tools/output-redactor.spec.ts"},{"assertionResults":[{"ancestorTitles":["QualificationAdapter Behavioral"],"fullName":"QualificationAdapter Behavioral only exact qualification operation accepted, arbitrary rejected","status":"passed","title":"only exact qualification operation accepted, arbitrary rejected","duration":215.273125,"failureMessages":[],"meta":{}}],"startTime":1787851536333,"endTime":1787851536548.2732,"status":"passed","message":"","name":"/Users/obretinumic/constructie-orchestrator/tests/tools/qualification-adapter.spec.ts"},{"assertionResults":[{"ancestorTitles":["StructuredGitAdapter Behavioral"],"fullName":"StructuredGitAdapter Behavioral rejects arbitrary subcommands and uses --no-verify","status":"passed","title":"rejects arbitrary subcommands and uses --no-verify","duration":82.948709,"failureMessages":[],"meta":{}}],"startTime":1787851537652,"endTime":1787851537734.9487,"status":"passed","message":"","name":"/Users/obretinumic/constructie-orchestrator/tests/tools/structured-git-adapter.spec.ts"},{"assertionResults":[{"ancestorTitles":["GovernedToolGateway"],"fullName":"GovernedToolGateway denies an operation before the adapter executes","status":"passed","title":"denies an operation before the adapter executes","duration":1.8222079999999892,"failureMessages":[],"meta":{}},{"ancestorTitles":["GovernedToolGateway"],"fullName":"GovernedToolGateway executes an allowed operation through the registered adapter","status":"passed","title":"executes an allowed operation through the registered adapter","duration":0.4492089999999962,"failureMessages":[],"meta":{}},{"ancestorTitles":["GovernedToolGateway"],"fullName":"GovernedToolGateway marks ambiguous mock effects as reconciliation-required","status":"passed","title":"marks ambiguous mock effects as reconciliation-required","duration":0.11483400000000188,"failureMessages":[],"meta":{}},{"ancestorTitles":["SandboxFilesystemAdapter"],"fullName":"SandboxFilesystemAdapter writes only inside an allowed root","status":"passed","title":"writes only inside an allowed root","duration":1.1739999999999924,"failureMessages":[],"meta":{}},{"ancestorTitles":["SandboxFilesystemAdapter"],"fullName":"SandboxFilesystemAdapter rejects path traversal / writes outside allowed roots","status":"passed","title":"rejects path traversal / writes outside allowed roots","duration":0.39904199999999435,"failureMessages":[],"meta":{}}],"startTime":1787851538528,"endTime":1787851538532.399,"status":"passed","message":"","name":"/Users/obretinumic/constructie-orchestrator/tests/tools/tool-gateway.spec.ts"},{"assertionResults":[{"ancestorTitles":["RunCoordinator Reconciliation"],"fullName":"RunCoordinator Reconciliation transitions to RECONCILING for ambiguous transport outcome without blind retries","status":"passed","title":"transitions to RECONCILING for ambiguous transport outcome without blind retries","duration":57.035167,"failureMessages":[],"meta":{}}],"startTime":1787851537825,"endTime":1787851537882.0352,"status":"passed","message":"","name":"/Users/obretinumic/constructie-orchestrator/tests/workflow/reconciliation.spec.ts"},{"assertionResults":[{"ancestorTitles":["CompletionEngineV0"],"fullName":"CompletionEngineV0 issues COMPLETE only with exact revisions, current evidence, PASS verification, and reconciliation PASS","status":"passed","title":"issues COMPLETE only with exact revisions, current evidence, PASS verification, and reconciliation PASS","duration":0.7831670000000059,"failureMessages":[],"meta":{}},{"ancestorTitles":["CompletionEngineV0"],"fullName":"CompletionEngineV0 refuses completion when reconciliation snapshot is stale","status":"passed","title":"refuses completion when reconciliation snapshot is stale","duration":0.07166700000000503,"failureMessages":[],"meta":{}},{"ancestorTitles":["CompletionEngineV0"],"fullName":"CompletionEngineV0 refuses completion when evidence is stale","status":"passed","title":"refuses completion when evidence is stale","duration":0.07941700000000651,"failureMessages":[],"meta":{}},{"ancestorTitles":["CompletionEngineV0"],"fullName":"CompletionEngineV0 does not treat work-item completion alone as outcome completion","status":"passed","title":"does not treat work-item completion alone as outcome completion","duration":0.06475000000000364,"failureMessages":[],"meta":{}},{"ancestorTitles":[],"fullName":"reports residual scope and refuses COMPLETE if a verification failed","status":"passed","title":"reports residual scope and refuses COMPLETE if a verification failed","duration":0.12370799999999349,"failureMessages":[],"meta":{}},{"ancestorTitles":[],"fullName":"reports residual scope if reconciliation is BLOCKED","status":"passed","title":"reports residual scope if reconciliation is BLOCKED","duration":0.13358399999999904,"failureMessages":[],"meta":{}}],"startTime":1787851540474,"endTime":1787851540476.1335,"status":"passed","message":"","name":"/Users/obretinumic/constructie-orchestrator/packages/completion/test/completion-engine.spec.ts"},{"assertionResults":[{"ancestorTitles":["MinimalWorkflowEngine"],"fullName":"MinimalWorkflowEngine maps agent COMPLETED to VERIFICATION_REQUIRED, never directly to COMPLETED","status":"passed","title":"maps agent COMPLETED to VERIFICATION_REQUIRED, never directly to COMPLETED","duration":2.2038750000000107,"failureMessages":[],"meta":{}},{"ancestorTitles":["MinimalWorkflowEngine"],"fullName":"MinimalWorkflowEngine maps agent failure to REPAIR_REQUIRED","status":"passed","title":"maps agent failure to REPAIR_REQUIRED","duration":0.1617909999999938,"failureMessages":[],"meta":{}},{"ancestorTitles":["MinimalWorkflowEngine"],"fullName":"MinimalWorkflowEngine maps malformed provider output to RECOVERY_REQUIRED","status":"passed","title":"maps malformed provider output to RECOVERY_REQUIRED","duration":0.14424999999999955,"failureMessages":[],"meta":{}}],"startTime":1787851539230,"endTime":1787851539232.2039,"status":"passed","message":"","name":"/Users/obretinumic/constructie-orchestrator/packages/workflow/test/minimal-workflow-engine.spec.ts"},{"assertionResults":[{"ancestorTitles":["RunCoordinator"],"fullName":"RunCoordinator dispatches work and records append-only events","status":"passed","title":"dispatches work and records append-only events","duration":1.4414579999999972,"failureMessages":[],"meta":{}},{"ancestorTitles":["RunCoordinator"],"fullName":"RunCoordinator rejects forged OWNER_APPROVAL_GRANTED events (missing brand)","status":"passed","title":"rejects forged OWNER_APPROVAL_GRANTED events (missing brand)","duration":0.5369170000000025,"failureMessages":[],"meta":{}},{"ancestorTitles":["RunCoordinator"],"fullName":"RunCoordinator proves taskId, workflowRunId, and workItemId are distinct — authority matching canonical taskId accepted, others rejected","status":"passed","title":"proves taskId, workflowRunId, and workItemId are distinct — authority matching canonical taskId accepted, others rejected","duration":0.6436659999999961,"failureMessages":[],"meta":{}}],"startTime":1787851539083,"endTime":1787851539085.6436,"status":"passed","message":"","name":"/Users/obretinumic/constructie-orchestrator/packages/workflow/test/run-coordinator.spec.ts"}]}
